<?xml version="1.0" encoding="UTF-8"?>
<testsuite xmlns:xsi="http://www.w3.org/2001/XMLSchema-instance" xsi:noNamespaceSchemaLocation="https://maven.apache.org/surefire/maven-surefire-plugin/xsd/surefire-test-report.xsd" version="3.0.2" name="com.nhnacademy.order.OrderApplicationTests" time="2.299" tests="1" errors="0" skipped="0" failures="0">
  <properties>
[...]
</properties>
  <testcase name="contextLoads" classname="com.nhnacademy.order.OrderApplicationTests" time="0.241">
    <system-out><![CDATA[15:29:01.260 [main] INFO org.springframework.test.context.support.AnnotationConfigContextLoaderUtils -- Could not detect default configuration classes for test class [com.nhnacademy.order.OrderApplicationTests]: OrderApplicationTests does not declare any static, non-private, non-final, nested classes annotated with @Configuration.
15:29:01.306 [main] INFO org.springframework.boot.test.context.SpringBootTestContextBootstrapper -- Found @SpringBootConfiguration com.nhnacademy.order.OrderApplication for test class com.nhnacademy.order.OrderApplicationTests
15:29:01.360 [main] INFO org.springframework.boot.devtools.restart.RestartApplicationListener -- Restart disabled due to context in which it is running

  .   ____          _            __ _ _
 /\\ / ___'_ __ _ _(_)_ __  __ _ \ \ \ \
( ( )\___ | '_ | '_| | '_ \/ _` | \ \ \ \
 \\/  ___)| |_)| | | | | || (_| |  ) ) ) )
  '  |____| .__|_| |_|_| |_\__, | / / / /
 =========|_|==============|___/=/_/_/_/

 :: Spring Boot ::                (v3.5.7)

2025-11-17T15:29:01.462+09:00  INFO 34681 --- [order] [           main] c.n.order.OrderApplicationTests          : Starting OrderApplicationTests using Java 21.0.8 with PID 34681 (started by chosun-nhn53 in /Users/chosun-nhn53/order)
2025-11-17T15:29:01.463+09:00  INFO 34681 --- [order] [           main] c.n.order.OrderApplicationTests          : No active profile set, falling back to 1 default profile: "default"
2025-11-17T15:29:01.700+09:00  INFO 34681 --- [order] [           main] .s.d.r.c.RepositoryConfigurationDelegate : Bootstrapping Spring Data JPA repositories in DEFAULT mode.
2025-11-17T15:29:01.765+09:00  INFO 34681 --- [order] [           main] .s.d.r.c.RepositoryConfigurationDelegate : Finished Spring Data repository scanning in 59 ms. Found 3 JPA repository interfaces.
2025-11-17T15:29:01.929+09:00  INFO 34681 --- [order] [           main] o.hibernate.jpa.internal.util.LogHelper  : HHH000204: Processing PersistenceUnitInfo [name: default]
2025-11-17T15:29:01.952+09:00  INFO 34681 --- [order] [           main] org.hibernate.Version                    : HHH000412: Hibernate ORM core version 6.6.33.Final
2025-11-17T15:29:01.968+09:00  INFO 34681 --- [order] [           main] o.h.c.internal.RegionFactoryInitiator    : HHH000026: Second-level cache disabled
2025-11-17T15:29:01.992+09:00 DEBUG 34681 --- [order] [           main] org.hibernate.type.BasicTypeRegistry     : Adding type registration boolean -> org.hibernate.type.BasicTypeReference@642c6461
2025-11-17T15:29:01.992+09:00 DEBUG 34681 --- [order] [           main] org.hibernate.type.BasicTypeRegistry     : Adding type registration boolean -> org.hibernate.type.BasicTypeReference@642c6461
2025-11-17T15:29:01.992+09:00 DEBUG 34681 --- [order] [           main] org.hibernate.type.BasicTypeRegistry     : Adding type registration java.lang.Boolean -> org.hibernate.type.BasicTypeReference@642c6461
2025-11-17T15:29:01.992+09:00 DEBUG 34681 --- [order] [           main] org.hibernate.type.BasicTypeRegistry     : Adding type registration numeric_boolean -> org.hibernate.type.BasicTypeReference@3ace6346
2025-11-17T15:29:01.992+09:00 DEBUG 34681 --- [order] [           main] org.hibernate.type.BasicTypeRegistry     : Adding type registration org.hibernate.type.NumericBooleanConverter -> org.hibernate.type.BasicTypeReference@3ace6346
2025-11-17T15:29:01.992+09:00 DEBUG 34681 --- [order] [           main] org.hibernate.type.BasicTypeRegistry     : Adding type registration true_false -> org.hibernate.type.BasicTypeReference@4e48462d
2025-11-17T15:29:01.992+09:00 DEBUG 34681 --- [order] [           main] org.hibernate.type.BasicTypeRegistry     : Adding type registration org.hibernate.type.TrueFalseConverter -> org.hibernate.type.BasicTypeReference@4e48462d
2025-11-17T15:29:01.992+09:00 DEBUG 34681 --- [order] [           main] org.hibernate.type.BasicTypeRegistry     : Adding type registration yes_no -> org.hibernate.type.BasicTypeReference@17216605
2025-11-17T15:29:01.992+09:00 DEBUG 34681 --- [order] [           main] org.hibernate.type.BasicTypeRegistry     : Adding type registration org.hibernate.type.YesNoConverter -> org.hibernate.type.BasicTypeReference@17216605
2025-11-17T15:29:01.993+09:00 DEBUG 34681 --- [order] [           main] org.hibernate.type.BasicTypeRegistry     : Adding type registration byte -> org.hibernate.type.BasicTypeReference@10a907ec
2025-11-17T15:29:01.993+09:00 DEBUG 34681 --- [order] [           main] org.hibernate.type.BasicTypeRegistry     : Adding type registration byte -> org.hibernate.type.BasicTypeReference@10a907ec
2025-11-17T15:29:01.993+09:00 DEBUG 34681 --- [order] [           main] org.hibernate.type.BasicTypeRegistry     : Adding type registration java.lang.Byte -> org.hibernate.type.BasicTypeReference@10a907ec
2025-11-17T15:29:01.993+09:00 DEBUG 34681 --- [order] [           main] org.hibernate.type.BasicTypeRegistry     : Adding type registration binary -> org.hibernate.type.BasicTypeReference@59b492ec
2025-11-17T15:29:01.993+09:00 DEBUG 34681 --- [order] [           main] org.hibernate.type.BasicTypeRegistry     : Adding type registration byte[] -> org.hibernate.type.BasicTypeReference@59b492ec
2025-11-17T15:29:01.993+09:00 DEBUG 34681 --- [order] [           main] org.hibernate.type.BasicTypeRegistry     : Adding type registration [B -> org.hibernate.type.BasicTypeReference@59b492ec
2025-11-17T15:29:01.993+09:00 DEBUG 34681 --- [order] [           main] org.hibernate.type.BasicTypeRegistry     : Adding type registration binary_wrapper -> org.hibernate.type.BasicTypeReference@55c1ced9
2025-11-17T15:29:01.993+09:00 DEBUG 34681 --- [order] [           main] org.hibernate.type.BasicTypeRegistry     : Adding type registration wrapper-binary -> org.hibernate.type.BasicTypeReference@55c1ced9
2025-11-17T15:29:01.993+09:00 DEBUG 34681 --- [order] [           main] org.hibernate.type.BasicTypeRegistry     : Adding type registration image -> org.hibernate.type.BasicTypeReference@49cc9b2a
2025-11-17T15:29:01.993+09:00 DEBUG 34681 --- [order] [           main] org.hibernate.type.BasicTypeRegistry     : Adding type registration blob -> org.hibernate.type.BasicTypeReference@11826398
2025-11-17T15:29:01.993+09:00 DEBUG 34681 --- [order] [           main] org.hibernate.type.BasicTypeRegistry     : Adding type registration java.sql.Blob -> org.hibernate.type.BasicTypeReference@11826398
2025-11-17T15:29:01.993+09:00 DEBUG 34681 --- [order] [           main] org.hibernate.type.BasicTypeRegistry     : Adding type registration materialized_blob -> org.hibernate.type.BasicTypeReference@6c5ca0b6
2025-11-17T15:29:01.993+09:00 DEBUG 34681 --- [order] [           main] org.hibernate.type.BasicTypeRegistry     : Adding type registration materialized_blob_wrapper -> org.hibernate.type.BasicTypeReference@37b01ce2
2025-11-17T15:29:01.993+09:00 DEBUG 34681 --- [order] [           main] org.hibernate.type.BasicTypeRegistry     : Adding type registration short -> org.hibernate.type.BasicTypeReference@1a88c4f5
2025-11-17T15:29:01.993+09:00 DEBUG 34681 --- [order] [           main] org.hibernate.type.BasicTypeRegistry     : Adding type registration short -> org.hibernate.type.BasicTypeReference@1a88c4f5
2025-11-17T15:29:01.993+09:00 DEBUG 34681 --- [order] [           main] org.hibernate.type.BasicTypeRegistry     : Adding type registration java.lang.Short -> org.hibernate.type.BasicTypeReference@1a88c4f5
2025-11-17T15:29:01.994+09:00 DEBUG 34681 --- [order] [           main] org.hibernate.type.BasicTypeRegistry     : Adding type registration integer -> org.hibernate.type.BasicTypeReference@1894fa9f
2025-11-17T15:29:01.994+09:00 DEBUG 34681 --- [order] [           main] org.hibernate.type.BasicTypeRegistry     : Adding type registration int -> org.hibernate.type.BasicTypeReference@1894fa9f
2025-11-17T15:29:01.994+09:00 DEBUG 34681 --- [order] [           main] org.hibernate.type.BasicTypeRegistry     : Adding type registration java.lang.Integer -> org.hibernate.type.BasicTypeReference@1894fa9f
2025-11-17T15:29:01.994+09:00 DEBUG 34681 --- [order] [           main] org.hibernate.type.BasicTypeRegistry     : Adding type registration long -> org.hibernate.type.BasicTypeReference@1144a02b
2025-11-17T15:29:01.994+09:00 DEBUG 34681 --- [order] [           main] org.hibernate.type.BasicTypeRegistry     : Adding type registration long -> org.hibernate.type.BasicTypeReference@1144a02b
2025-11-17T15:29:01.994+09:00 DEBUG 34681 --- [order] [           main] org.hibernate.type.BasicTypeRegistry     : Adding type registration java.lang.Long -> org.hibernate.type.BasicTypeReference@1144a02b
2025-11-17T15:29:01.994+09:00 DEBUG 34681 --- [order] [           main] org.hibernate.type.BasicTypeRegistry     : Adding type registration float -> org.hibernate.type.BasicTypeReference@26a4f9ed
2025-11-17T15:29:01.994+09:00 DEBUG 34681 --- [order] [           main] org.hibernate.type.BasicTypeRegistry     : Adding type registration float -> org.hibernate.type.BasicTypeReference@26a4f9ed
2025-11-17T15:29:01.994+09:00 DEBUG 34681 --- [order] [           main] org.hibernate.type.BasicTypeRegistry     : Adding type registration java.lang.Float -> org.hibernate.type.BasicTypeReference@26a4f9ed
2025-11-17T15:29:01.994+09:00 DEBUG 34681 --- [order] [           main] org.hibernate.type.BasicTypeRegistry     : Adding type registration double -> org.hibernate.type.BasicTypeReference@7a572ea0
2025-11-17T15:29:01.994+09:00 DEBUG 34681 --- [order] [           main] org.hibernate.type.BasicTypeRegistry     : Adding type registration double -> org.hibernate.type.BasicTypeReference@7a572ea0
2025-11-17T15:29:01.994+09:00 DEBUG 34681 --- [order] [           main] org.hibernate.type.BasicTypeRegistry     : Adding type registration java.lang.Double -> org.hibernate.type.BasicTypeReference@7a572ea0
2025-11-17T15:29:01.994+09:00 DEBUG 34681 --- [order] [           main] org.hibernate.type.BasicTypeRegistry     : Adding type registration big_integer -> org.hibernate.type.BasicTypeReference@45287377
2025-11-17T15:29:01.994+09:00 DEBUG 34681 --- [order] [           main] org.hibernate.type.BasicTypeRegistry     : Adding type registration java.math.BigInteger -> org.hibernate.type.BasicTypeReference@45287377
2025-11-17T15:29:01.994+09:00 DEBUG 34681 --- [order] [           main] org.hibernate.type.BasicTypeRegistry     : Adding type registration big_decimal -> org.hibernate.type.BasicTypeReference@7159d601
2025-11-17T15:29:01.994+09:00 DEBUG 34681 --- [order] [           main] org.hibernate.type.BasicTypeRegistry     : Adding type registration java.math.BigDecimal -> org.hibernate.type.BasicTypeReference@7159d601
2025-11-17T15:29:01.994+09:00 DEBUG 34681 --- [order] [           main] org.hibernate.type.BasicTypeRegistry     : Adding type registration character -> org.hibernate.type.BasicTypeReference@70b33256
2025-11-17T15:29:01.995+09:00 DEBUG 34681 --- [order] [           main] org.hibernate.type.BasicTypeRegistry     : Adding type registration char -> org.hibernate.type.BasicTypeReference@70b33256
2025-11-17T15:29:01.995+09:00 DEBUG 34681 --- [order] [           main] org.hibernate.type.BasicTypeRegistry     : Adding type registration java.lang.Character -> org.hibernate.type.BasicTypeReference@70b33256
2025-11-17T15:29:01.995+09:00 DEBUG 34681 --- [order] [           main] org.hibernate.type.BasicTypeRegistry     : Adding type registration character_nchar -> org.hibernate.type.BasicTypeReference@33d230ce
2025-11-17T15:29:01.995+09:00 DEBUG 34681 --- [order] [           main] org.hibernate.type.BasicTypeRegistry     : Adding type registration string -> org.hibernate.type.BasicTypeReference@35e74e08
2025-11-17T15:29:01.995+09:00 DEBUG 34681 --- [order] [           main] org.hibernate.type.BasicTypeRegistry     : Adding type registration java.lang.String -> org.hibernate.type.BasicTypeReference@35e74e08
2025-11-17T15:29:01.995+09:00 DEBUG 34681 --- [order] [           main] org.hibernate.type.BasicTypeRegistry     : Adding type registration nstring -> org.hibernate.type.BasicTypeReference@a316f6b
2025-11-17T15:29:01.995+09:00 DEBUG 34681 --- [order] [           main] org.hibernate.type.BasicTypeRegistry     : Adding type registration characters -> org.hibernate.type.BasicTypeReference@63f9ddf9
2025-11-17T15:29:01.995+09:00 DEBUG 34681 --- [order] [           main] org.hibernate.type.BasicTypeRegistry     : Adding type registration char[] -> org.hibernate.type.BasicTypeReference@63f9ddf9
2025-11-17T15:29:01.995+09:00 DEBUG 34681 --- [order] [           main] org.hibernate.type.BasicTypeRegistry     : Adding type registration [C -> org.hibernate.type.BasicTypeReference@63f9ddf9
2025-11-17T15:29:01.995+09:00 DEBUG 34681 --- [order] [           main] org.hibernate.type.BasicTypeRegistry     : Adding type registration wrapper-characters -> org.hibernate.type.BasicTypeReference@410fc508
2025-11-17T15:29:01.995+09:00 DEBUG 34681 --- [order] [           main] org.hibernate.type.BasicTypeRegistry     : Adding type registration text -> org.hibernate.type.BasicTypeReference@4e17442f
2025-11-17T15:29:01.995+09:00 DEBUG 34681 --- [order] [           main] org.hibernate.type.BasicTypeRegistry     : Adding type registration ntext -> org.hibernate.type.BasicTypeReference@4f5c30b1
2025-11-17T15:29:01.995+09:00 DEBUG 34681 --- [order] [           main] org.hibernate.type.BasicTypeRegistry     : Adding type registration clob -> org.hibernate.type.BasicTypeReference@62e73ab6
2025-11-17T15:29:01.995+09:00 DEBUG 34681 --- [order] [           main] org.hibernate.type.BasicTypeRegistry     : Adding type registration java.sql.Clob -> org.hibernate.type.BasicTypeReference@62e73ab6
2025-11-17T15:29:01.995+09:00 DEBUG 34681 --- [order] [           main] org.hibernate.type.BasicTypeRegistry     : Adding type registration nclob -> org.hibernate.type.BasicTypeReference@5d7f8467
2025-11-17T15:29:01.995+09:00 DEBUG 34681 --- [order] [           main] org.hibernate.type.BasicTypeRegistry     : Adding type registration java.sql.NClob -> org.hibernate.type.BasicTypeReference@5d7f8467
2025-11-17T15:29:01.995+09:00 DEBUG 34681 --- [order] [           main] org.hibernate.type.BasicTypeRegistry     : Adding type registration materialized_clob -> org.hibernate.type.BasicTypeReference@29bd85db
2025-11-17T15:29:01.996+09:00 DEBUG 34681 --- [order] [           main] org.hibernate.type.BasicTypeRegistry     : Adding type registration materialized_clob_char_array -> org.hibernate.type.BasicTypeReference@7caf1e5
2025-11-17T15:29:01.996+09:00 DEBUG 34681 --- [order] [           main] org.hibernate.type.BasicTypeRegistry     : Adding type registration materialized_clob_character_array -> org.hibernate.type.BasicTypeReference@5c234920
2025-11-17T15:29:01.996+09:00 DEBUG 34681 --- [order] [           main] org.hibernate.type.BasicTypeRegistry     : Adding type registration materialized_nclob -> org.hibernate.type.BasicTypeReference@7ddeb27f
2025-11-17T15:29:01.996+09:00 DEBUG 34681 --- [order] [           main] org.hibernate.type.BasicTypeRegistry     : Adding type registration materialized_nclob_character_array -> org.hibernate.type.BasicTypeReference@38087342
2025-11-17T15:29:01.996+09:00 DEBUG 34681 --- [order] [           main] org.hibernate.type.BasicTypeRegistry     : Adding type registration materialized_nclob_char_array -> org.hibernate.type.BasicTypeReference@681de87f
2025-11-17T15:29:01.996+09:00 DEBUG 34681 --- [order] [           main] org.hibernate.type.BasicTypeRegistry     : Adding type registration Duration -> org.hibernate.type.BasicTypeReference@2eb1c615
2025-11-17T15:29:01.996+09:00 DEBUG 34681 --- [order] [           main] org.hibernate.type.BasicTypeRegistry     : Adding type registration java.time.Duration -> org.hibernate.type.BasicTypeReference@2eb1c615
2025-11-17T15:29:01.996+09:00 DEBUG 34681 --- [order] [           main] org.hibernate.type.BasicTypeRegistry     : Adding type registration LocalDateTime -> org.hibernate.type.BasicTypeReference@2674d4f6
2025-11-17T15:29:01.996+09:00 DEBUG 34681 --- [order] [           main] org.hibernate.type.BasicTypeRegistry     : Adding type registration java.time.LocalDateTime -> org.hibernate.type.BasicTypeReference@2674d4f6
2025-11-17T15:29:01.996+09:00 DEBUG 34681 --- [order] [           main] org.hibernate.type.BasicTypeRegistry     : Adding type registration LocalDate -> org.hibernate.type.BasicTypeReference@5d9d2119
2025-11-17T15:29:01.996+09:00 DEBUG 34681 --- [order] [           main] org.hibernate.type.BasicTypeRegistry     : Adding type registration java.time.LocalDate -> org.hibernate.type.BasicTypeReference@5d9d2119
2025-11-17T15:29:01.996+09:00 DEBUG 34681 --- [order] [           main] org.hibernate.type.BasicTypeRegistry     : Adding type registration LocalTime -> org.hibernate.type.BasicTypeReference@5a4464c5
2025-11-17T15:29:01.996+09:00 DEBUG 34681 --- [order] [           main] org.hibernate.type.BasicTypeRegistry     : Adding type registration java.time.LocalTime -> org.hibernate.type.BasicTypeReference@5a4464c5
2025-11-17T15:29:01.996+09:00 DEBUG 34681 --- [order] [           main] org.hibernate.type.BasicTypeRegistry     : Adding type registration OffsetDateTime -> org.hibernate.type.BasicTypeReference@7ae590f6
2025-11-17T15:29:01.996+09:00 DEBUG 34681 --- [order] [           main] org.hibernate.type.BasicTypeRegistry     : Adding type registration java.time.OffsetDateTime -> org.hibernate.type.BasicTypeReference@7ae590f6
2025-11-17T15:29:01.996+09:00 DEBUG 34681 --- [order] [           main] org.hibernate.type.BasicTypeRegistry     : Adding type registration OffsetDateTimeWithTimezone -> org.hibernate.type.BasicTypeReference@7ab63838
2025-11-17T15:29:01.996+09:00 DEBUG 34681 --- [order] [           main] org.hibernate.type.BasicTypeRegistry     : Adding type registration OffsetDateTimeWithoutTimezone -> org.hibernate.type.BasicTypeReference@4e974b9e
2025-11-17T15:29:01.996+09:00 DEBUG 34681 --- [order] [           main] org.hibernate.type.BasicTypeRegistry     : Adding type registration OffsetTime -> org.hibernate.type.BasicTypeReference@370c7cc5
2025-11-17T15:29:01.997+09:00 DEBUG 34681 --- [order] [           main] org.hibernate.type.BasicTypeRegistry     : Adding type registration java.time.OffsetTime -> org.hibernate.type.BasicTypeReference@370c7cc5
2025-11-17T15:29:01.997+09:00 DEBUG 34681 --- [order] [           main] org.hibernate.type.BasicTypeRegistry     : Adding type registration OffsetTimeUtc -> org.hibernate.type.BasicTypeReference@61b838f2
2025-11-17T15:29:01.997+09:00 DEBUG 34681 --- [order] [           main] org.hibernate.type.BasicTypeRegistry     : Adding type registration OffsetTimeWithTimezone -> org.hibernate.type.BasicTypeReference@2a04ab05
2025-11-17T15:29:01.997+09:00 DEBUG 34681 --- [order] [           main] org.hibernate.type.BasicTypeRegistry     : Adding type registration OffsetTimeWithoutTimezone -> org.hibernate.type.BasicTypeReference@5ebbde60
2025-11-17T15:29:01.997+09:00 DEBUG 34681 --- [order] [           main] org.hibernate.type.BasicTypeRegistry     : Adding type registration ZonedDateTime -> org.hibernate.type.BasicTypeReference@a056b26
2025-11-17T15:29:01.997+09:00 DEBUG 34681 --- [order] [           main] org.hibernate.type.BasicTypeRegistry     : Adding type registration java.time.ZonedDateTime -> org.hibernate.type.BasicTypeReference@a056b26
2025-11-17T15:29:01.997+09:00 DEBUG 34681 --- [order] [           main] org.hibernate.type.BasicTypeRegistry     : Adding type registration ZonedDateTimeWithTimezone -> org.hibernate.type.BasicTypeReference@2a5abd3c
2025-11-17T15:29:01.997+09:00 DEBUG 34681 --- [order] [           main] org.hibernate.type.BasicTypeRegistry     : Adding type registration ZonedDateTimeWithoutTimezone -> org.hibernate.type.BasicTypeReference@250967f1
2025-11-17T15:29:01.997+09:00 DEBUG 34681 --- [order] [           main] org.hibernate.type.BasicTypeRegistry     : Adding type registration date -> org.hibernate.type.BasicTypeReference@25c1f5ee
2025-11-17T15:29:01.997+09:00 DEBUG 34681 --- [order] [           main] org.hibernate.type.BasicTypeRegistry     : Adding type registration java.sql.Date -> org.hibernate.type.BasicTypeReference@25c1f5ee
2025-11-17T15:29:01.997+09:00 DEBUG 34681 --- [order] [           main] org.hibernate.type.BasicTypeRegistry     : Adding type registration time -> org.hibernate.type.BasicTypeReference@4bce62b
2025-11-17T15:29:01.997+09:00 DEBUG 34681 --- [order] [           main] org.hibernate.type.BasicTypeRegistry     : Adding type registration java.sql.Time -> org.hibernate.type.BasicTypeReference@4bce62b
2025-11-17T15:29:01.997+09:00 DEBUG 34681 --- [order] [           main] org.hibernate.type.BasicTypeRegistry     : Adding type registration timestamp -> org.hibernate.type.BasicTypeReference@7bf018dd
2025-11-17T15:29:01.997+09:00 DEBUG 34681 --- [order] [           main] org.hibernate.type.BasicTypeRegistry     : Adding type registration java.sql.Timestamp -> org.hibernate.type.BasicTypeReference@7bf018dd
2025-11-17T15:29:01.997+09:00 DEBUG 34681 --- [order] [           main] org.hibernate.type.BasicTypeRegistry     : Adding type registration java.util.Date -> org.hibernate.type.BasicTypeReference@7bf018dd
2025-11-17T15:29:01.997+09:00 DEBUG 34681 --- [order] [           main] org.hibernate.type.BasicTypeRegistry     : Adding type registration calendar -> org.hibernate.type.BasicTypeReference@15a8cebd
2025-11-17T15:29:01.997+09:00 DEBUG 34681 --- [order] [           main] org.hibernate.type.BasicTypeRegistry     : Adding type registration java.util.Calendar -> org.hibernate.type.BasicTypeReference@15a8cebd
2025-11-17T15:29:01.997+09:00 DEBUG 34681 --- [order] [           main] org.hibernate.type.BasicTypeRegistry     : Adding type registration java.util.GregorianCalendar -> org.hibernate.type.BasicTypeReference@15a8cebd
2025-11-17T15:29:01.997+09:00 DEBUG 34681 --- [order] [           main] org.hibernate.type.BasicTypeRegistry     : Adding type registration calendar_date -> org.hibernate.type.BasicTypeReference@3f6c2763
2025-11-17T15:29:01.997+09:00 DEBUG 34681 --- [order] [           main] org.hibernate.type.BasicTypeRegistry     : Adding type registration calendar_time -> org.hibernate.type.BasicTypeReference@5c82031b
2025-11-17T15:29:01.997+09:00 DEBUG 34681 --- [order] [           main] org.hibernate.type.BasicTypeRegistry     : Adding type registration instant -> org.hibernate.type.BasicTypeReference@274fdea6
2025-11-17T15:29:01.997+09:00 DEBUG 34681 --- [order] [           main] org.hibernate.type.BasicTypeRegistry     : Adding type registration java.time.Instant -> org.hibernate.type.BasicTypeReference@274fdea6
2025-11-17T15:29:01.997+09:00 DEBUG 34681 --- [order] [           main] org.hibernate.type.BasicTypeRegistry     : Adding type registration uuid -> org.hibernate.type.BasicTypeReference@74c121d4
2025-11-17T15:29:01.997+09:00 DEBUG 34681 --- [order] [           main] org.hibernate.type.BasicTypeRegistry     : Adding type registration java.util.UUID -> org.hibernate.type.BasicTypeReference@74c121d4
2025-11-17T15:29:01.998+09:00 DEBUG 34681 --- [order] [           main] org.hibernate.type.BasicTypeRegistry     : Adding type registration pg-uuid -> org.hibernate.type.BasicTypeReference@74c121d4
2025-11-17T15:29:01.998+09:00 DEBUG 34681 --- [order] [           main] org.hibernate.type.BasicTypeRegistry     : Adding type registration uuid-binary -> org.hibernate.type.BasicTypeReference@2a484710
2025-11-17T15:29:01.998+09:00 DEBUG 34681 --- [order] [           main] org.hibernate.type.BasicTypeRegistry     : Adding type registration uuid-char -> org.hibernate.type.BasicTypeReference@661e1399
2025-11-17T15:29:01.998+09:00 DEBUG 34681 --- [order] [           main] org.hibernate.type.BasicTypeRegistry     : Adding type registration class -> org.hibernate.type.BasicTypeReference@3ffd4b12
2025-11-17T15:29:01.998+09:00 DEBUG 34681 --- [order] [           main] org.hibernate.type.BasicTypeRegistry     : Adding type registration java.lang.Class -> org.hibernate.type.BasicTypeReference@3ffd4b12
2025-11-17T15:29:01.998+09:00 DEBUG 34681 --- [order] [           main] org.hibernate.type.BasicTypeRegistry     : Adding type registration currency -> org.hibernate.type.BasicTypeReference@424f02b8
2025-11-17T15:29:01.998+09:00 DEBUG 34681 --- [order] [           main] org.hibernate.type.BasicTypeRegistry     : Adding type registration Currency -> org.hibernate.type.BasicTypeReference@424f02b8
2025-11-17T15:29:01.998+09:00 DEBUG 34681 --- [order] [           main] org.hibernate.type.BasicTypeRegistry     : Adding type registration java.util.Currency -> org.hibernate.type.BasicTypeReference@424f02b8
2025-11-17T15:29:01.998+09:00 DEBUG 34681 --- [order] [           main] org.hibernate.type.BasicTypeRegistry     : Adding type registration locale -> org.hibernate.type.BasicTypeReference@2ad7bd26
2025-11-17T15:29:01.998+09:00 DEBUG 34681 --- [order] [           main] org.hibernate.type.BasicTypeRegistry     : Adding type registration java.util.Locale -> org.hibernate.type.BasicTypeReference@2ad7bd26
2025-11-17T15:29:01.998+09:00 DEBUG 34681 --- [order] [           main] org.hibernate.type.BasicTypeRegistry     : Adding type registration serializable -> org.hibernate.type.BasicTypeReference@3cc3f13e
2025-11-17T15:29:01.998+09:00 DEBUG 34681 --- [order] [           main] org.hibernate.type.BasicTypeRegistry     : Adding type registration java.io.Serializable -> org.hibernate.type.BasicTypeReference@3cc3f13e
2025-11-17T15:29:01.998+09:00 DEBUG 34681 --- [order] [           main] org.hibernate.type.BasicTypeRegistry     : Adding type registration timezone -> org.hibernate.type.BasicTypeReference@69b3886f
2025-11-17T15:29:01.998+09:00 DEBUG 34681 --- [order] [           main] org.hibernate.type.BasicTypeRegistry     : Adding type registration java.util.TimeZone -> org.hibernate.type.BasicTypeReference@69b3886f
2025-11-17T15:29:01.998+09:00 DEBUG 34681 --- [order] [           main] org.hibernate.type.BasicTypeRegistry     : Adding type registration ZoneOffset -> org.hibernate.type.BasicTypeReference@53d30d23
2025-11-17T15:29:01.998+09:00 DEBUG 34681 --- [order] [           main] org.hibernate.type.BasicTypeRegistry     : Adding type registration java.time.ZoneOffset -> org.hibernate.type.BasicTypeReference@53d30d23
2025-11-17T15:29:01.998+09:00 DEBUG 34681 --- [order] [           main] org.hibernate.type.BasicTypeRegistry     : Adding type registration url -> org.hibernate.type.BasicTypeReference@44faa4f2
2025-11-17T15:29:01.998+09:00 DEBUG 34681 --- [order] [           main] org.hibernate.type.BasicTypeRegistry     : Adding type registration java.net.URL -> org.hibernate.type.BasicTypeReference@44faa4f2
2025-11-17T15:29:01.998+09:00 DEBUG 34681 --- [order] [           main] org.hibernate.type.BasicTypeRegistry     : Adding type registration vector -> org.hibernate.type.BasicTypeReference@6793f752
2025-11-17T15:29:01.998+09:00 DEBUG 34681 --- [order] [           main] org.hibernate.type.BasicTypeRegistry     : Adding type registration float_vector -> org.hibernate.type.BasicTypeReference@1216eb3f
2025-11-17T15:29:01.998+09:00 DEBUG 34681 --- [order] [           main] org.hibernate.type.BasicTypeRegistry     : Adding type registration double_vector -> org.hibernate.type.BasicTypeReference@59e7564b
2025-11-17T15:29:01.998+09:00 DEBUG 34681 --- [order] [           main] org.hibernate.type.BasicTypeRegistry     : Adding type registration byte_vector -> org.hibernate.type.BasicTypeReference@482ba4b1
2025-11-17T15:29:01.998+09:00 DEBUG 34681 --- [order] [           main] org.hibernate.type.BasicTypeRegistry     : Adding type registration row_version -> org.hibernate.type.BasicTypeReference@307af381
2025-11-17T15:29:02.000+09:00 DEBUG 34681 --- [order] [           main] org.hibernate.type.BasicTypeRegistry     : Adding type registration object -> org.hibernate.type.JavaObjectType@5fb8dc01
2025-11-17T15:29:02.000+09:00 DEBUG 34681 --- [order] [           main] org.hibernate.type.BasicTypeRegistry     : Adding type registration java.lang.Object -> org.hibernate.type.JavaObjectType@5fb8dc01
2025-11-17T15:29:02.000+09:00 DEBUG 34681 --- [order] [           main] org.hibernate.type.BasicTypeRegistry     : Adding type registration null -> org.hibernate.type.NullType@63124022
2025-11-17T15:29:02.000+09:00 DEBUG 34681 --- [order] [           main] org.hibernate.type.BasicTypeRegistry     : Adding type registration imm_date -> org.hibernate.type.BasicTypeReference@591f6f83
2025-11-17T15:29:02.000+09:00 DEBUG 34681 --- [order] [           main] org.hibernate.type.BasicTypeRegistry     : Adding type registration imm_time -> org.hibernate.type.BasicTypeReference@2b44605c
2025-11-17T15:29:02.000+09:00 DEBUG 34681 --- [order] [           main] org.hibernate.type.BasicTypeRegistry     : Adding type registration imm_timestamp -> org.hibernate.type.BasicTypeReference@55421b8d
2025-11-17T15:29:02.001+09:00 DEBUG 34681 --- [order] [           main] org.hibernate.type.BasicTypeRegistry     : Adding type registration imm_calendar -> org.hibernate.type.BasicTypeReference@24a04257
2025-11-17T15:29:02.001+09:00 DEBUG 34681 --- [order] [           main] org.hibernate.type.BasicTypeRegistry     : Adding type registration imm_calendar_date -> org.hibernate.type.BasicTypeReference@6615237
2025-11-17T15:29:02.001+09:00 DEBUG 34681 --- [order] [           main] org.hibernate.type.BasicTypeRegistry     : Adding type registration imm_calendar_time -> org.hibernate.type.BasicTypeReference@eaf8427
2025-11-17T15:29:02.001+09:00 DEBUG 34681 --- [order] [           main] org.hibernate.type.BasicTypeRegistry     : Adding type registration imm_binary -> org.hibernate.type.BasicTypeReference@4bf4680c
2025-11-17T15:29:02.001+09:00 DEBUG 34681 --- [order] [           main] org.hibernate.type.BasicTypeRegistry     : Adding type registration imm_serializable -> org.hibernate.type.BasicTypeReference@6d6039df
2025-11-17T15:29:02.066+09:00  INFO 34681 --- [order] [           main] o.s.o.j.p.SpringPersistenceUnitInfo      : No LoadTimeWeaver setup: ignoring JPA class transformer
2025-11-17T15:29:02.077+09:00  INFO 34681 --- [order] [           main] com.zaxxer.hikari.HikariDataSource       : HikariPool-1 - Starting...
2025-11-17T15:29:02.150+09:00  INFO 34681 --- [order] [           main] com.zaxxer.hikari.pool.HikariPool        : HikariPool-1 - Added connection conn0: url=jdbc:h2:mem:test user=TEST
2025-11-17T15:29:02.151+09:00  INFO 34681 --- [order] [           main] com.zaxxer.hikari.HikariDataSource       : HikariPool-1 - Start completed.
2025-11-17T15:29:02.159+09:00  WARN 34681 --- [order] [           main] org.hibernate.orm.deprecation            : HHH90000025: H2Dialect does not need to be specified explicitly using 'hibernate.dialect' (remove the property setting and it will be selected by default)
2025-11-17T15:29:02.167+09:00  INFO 34681 --- [order] [           main] org.hibernate.orm.connections.pooling    : HHH10001005: Database info:
	Database JDBC URL [Connecting through datasource 'HikariDataSource (HikariPool-1)']
	Database driver: undefined/unknown
	Database version: 2.3.232
	Autocommit mode: undefined/unknown
	Isolation level: undefined/unknown
	Minimum pool size: undefined/unknown
	Maximum pool size: undefined/unknown
2025-11-17T15:29:02.170+09:00 DEBUG 34681 --- [order] [           main] o.h.t.d.jdbc.spi.JdbcTypeRegistry        : addDescriptor(NCharTypeDescriptor) replaced previous registration(CharTypeDescriptor)
2025-11-17T15:29:02.170+09:00 DEBUG 34681 --- [order] [           main] o.h.t.d.jdbc.spi.JdbcTypeRegistry        : addDescriptor(NVarcharTypeDescriptor) replaced previous registration(VarcharTypeDescriptor)
2025-11-17T15:29:02.170+09:00 DEBUG 34681 --- [order] [           main] o.h.t.d.jdbc.spi.JdbcTypeRegistry        : addDescriptor(LongNVarcharTypeDescriptor) replaced previous registration(LongVarcharTypeDescriptor)
2025-11-17T15:29:02.170+09:00 DEBUG 34681 --- [order] [           main] o.h.t.d.jdbc.spi.JdbcTypeRegistry        : addDescriptor(NClobTypeDescriptor(DEFAULT)) replaced previous registration(ClobTypeDescriptor(DEFAULT))
2025-11-17T15:29:02.173+09:00 DEBUG 34681 --- [order] [           main] o.h.t.d.jdbc.spi.JdbcTypeRegistry        : addDescriptor(TimestampUtcDescriptor) replaced previous registration(TimestampUtcDescriptor)
2025-11-17T15:29:02.175+09:00 DEBUG 34681 --- [order] [           main] org.hibernate.type.BasicTypeRegistry     : Adding type registration org.hibernate.type.DurationType -> basicType@1(java.time.Duration,3015)
2025-11-17T15:29:02.175+09:00 DEBUG 34681 --- [order] [           main] org.hibernate.type.BasicTypeRegistry     : Adding type registration Duration -> basicType@1(java.time.Duration,3015)
2025-11-17T15:29:02.175+09:00 DEBUG 34681 --- [order] [           main] org.hibernate.type.BasicTypeRegistry     : Adding type registration java.time.Duration -> basicType@1(java.time.Duration,3015)
2025-11-17T15:29:02.176+09:00 DEBUG 34681 --- [order] [           main] o.h.type.spi.TypeConfiguration$Scope     : Scoping TypeConfiguration [org.hibernate.type.spi.TypeConfiguration@ce19c86] to MetadataBuildingContext [org.hibernate.boot.internal.MetadataBuildingContextRootImpl@68479e8b]
2025-11-17T15:29:02.514+09:00  INFO 34681 --- [order] [           main] o.h.e.t.j.p.i.JtaPlatformInitiator       : HHH000489: No JTA platform available (set 'hibernate.transaction.jta.platform' to enable JTA platform integration)
2025-11-17T15:29:02.514+09:00 DEBUG 34681 --- [order] [           main] o.h.type.spi.TypeConfiguration$Scope     : Scoping TypeConfiguration [org.hibernate.type.spi.TypeConfiguration@ce19c86] to SessionFactoryImplementor [org.hibernate.internal.SessionFactoryImpl@4ee19768]
Hibernate: 
    drop table if exists delivery_policy cascade 
Hibernate: 
    drop table if exists OrderItem cascade 
Hibernate: 
    drop table if exists Orders cascade 
Hibernate: 
    create table delivery_policy (
        fee integer not null,
        free_delivery_threshold integer,
        id bigint generated by default as identity,
        primary key (id)
    )
Hibernate: 
    create table OrderItem (
        orderItemStatus tinyint check (orderItemStatus between 0 and 5),
        price integer not null,
        quantity integer not null,
        bookId bigint,
        couponId bigint,
        orderItemId bigint generated by default as identity,
        order_id bigint not null,
        packagingId bigint,
        primary key (orderItemId)
    )
Hibernate: 
    create table Orders (
        deliveryFee integer,
        paymentStatus tinyint check (paymentStatus between 0 and 1),
        pointUsage integer,
        totalPrice integer,
        deliveryDate timestamp(6),
        memberId bigint,
        orderDate timestamp(6),
        orderId bigint generated by default as identity,
        shippingDate timestamp(6),
        nonMemberPassword varchar(255),
        orderNumber varchar(255),
        ordererContact varchar(255),
        ordererName varchar(255),
        receiverAddress varchar(255),
        receiverContact varchar(255),
        receiverName varchar(255),
        shippingPostCode varchar(255),
        primary key (orderId)
    )
Hibernate: 
    alter table if exists OrderItem 
       add constraint FKea17ekwokumlak9h7eevmkfoc 
       foreign key (order_id) 
       references Orders
2025-11-17T15:29:02.537+09:00 TRACE 34681 --- [order] [           main] o.h.type.spi.TypeConfiguration$Scope     : Handling #sessionFactoryCreated from [org.hibernate.internal.SessionFactoryImpl@4ee19768] for TypeConfiguration
2025-11-17T15:29:02.538+09:00  INFO 34681 --- [order] [           main] j.LocalContainerEntityManagerFactoryBean : Initialized JPA EntityManagerFactory for persistence unit 'default'
2025-11-17T15:29:02.628+09:00  INFO 34681 --- [order] [           main] o.s.d.j.r.query.QueryEnhancerFactory     : Hibernate is in classpath; If applicable, HQL parser will be used.
2025-11-17T15:29:03.102+09:00  WARN 34681 --- [order] [           main] JpaBaseConfiguration$JpaWebConfiguration : spring.jpa.open-in-view is enabled by default. Therefore, database queries may be performed during view rendering. Explicitly configure spring.jpa.open-in-view to disable this warning
2025-11-17T15:29:03.114+09:00  INFO 34681 --- [order] [           main] o.s.b.a.w.s.WelcomePageHandlerMapping    : Adding welcome page: class path resource [static/index.html]
2025-11-17T15:29:03.204+09:00  INFO 34681 --- [order] [           main] o.s.b.a.h2.H2ConsoleAutoConfiguration    : H2 console available at '/h2-console'. Database available at 'jdbc:h2:mem:test'
2025-11-17T15:29:03.257+09:00  INFO 34681 --- [order] [           main] c.n.order.OrderApplicationTests          : Started OrderApplicationTests in 1.901 seconds (process running for 2.258)
]]></system-out>
    <system-err><![CDATA[Mockito is currently self-attaching to enable the inline-mock-maker. This will no longer work in future releases of the JDK. Please add Mockito as an agent to your build as described in Mockito's documentation: https://javadoc.io/doc/org.mockito/mockito-core/latest/org.mockito/org/mockito/Mockito.html#0.3
WARNING: A Java agent has been loaded dynamically (/Users/chosun-nhn53/.m2/repository/net/bytebuddy/byte-buddy-agent/1.17.8/byte-buddy-agent-1.17.8.jar)
WARNING: If a serviceability tool is in use, please run with -XX:+EnableDynamicAgentLoading to hide this warning
WARNING: If a serviceability tool is not in use, please run with -Djdk.instrument.traceUsage for more information
WARNING: Dynamic loading of agents will be disallowed by default in a future release
]]></system-err>
  </testcase>
</testsuite>